proguard/seeds.txt
com.bsi.dms.CheckServiceInstallActivity
com.bsi.dms.CheckServiceInstallActivity: CheckServiceInstallActivity()
com.bsi.dms.MainActivity
com.bsi.dms.MainActivity: MainActivity()
com.bsi.dms.MainActivity$AudioCtr
com.bsi.dms.MainActivity$AudioCtr: void playUrl(java.lang.String)
com.bsi.dms.MainActivity$AudioCtr: void playLoopUrl(java.lang.String)
com.bsi.dms.MainActivity$AudioCtr: void stopAudio()
com.bsi.dms.MainActivity$TTSWebviewInterface
com.bsi.dms.MainActivity$TTSWebviewInterface: MainActivity$TTSWebviewInterface(com.bsi.dms.MainActivity,android.content.Context)
com.bsi.dms.MainActivity$TTSWebviewInterface: void stop()
com.bsi.dms.MainActivity$TTSWebviewInterface: void speak(java.lang.String)
com.bsi.dms.MainActivity$TTSWebviewInterface: void onDestroy()
com.bsi.dms.MainActivity$VideoCtr
com.bsi.dms.MainActivity$VideoCtr: MainActivity$VideoCtr(com.bsi.dms.MainActivity,android.app.Activity,android.os.Handler,android.view.SurfaceView)
com.bsi.dms.MainActivity$VideoCtr: void playUrl(java.lang.String,int,int,int,int)
com.bsi.dms.MainActivity$VideoCtr: void playMultiUrl(java.lang.String,int,int,int,int,int)
com.bsi.dms.MainActivity$VideoCtr: void stopPlay()
com.bsi.dms.activity.ConfigActivity
com.bsi.dms.activity.ConfigActivity: ConfigActivity()
com.bsi.dms.activity.RegisterActivity
com.bsi.dms.activity.RegisterActivity: RegisterActivity()
com.bsi.dms.activity.RequestPlayActivity
com.bsi.dms.activity.RequestPlayActivity: RequestPlayActivity()
com.bsi.dms.config.PlayerApplication
com.bsi.dms.config.PlayerApplication: PlayerApplication()
com.bsi.dms.player.PlayerService
com.bsi.dms.player.PlayerService: PlayerService()
com.bsi.dms.provider.LocalFileContentProvider
com.bsi.dms.provider.LocalFileContentProvider: LocalFileContentProvider()
com.bsi.dms.tts.TTSData$TTSDataState: com.bsi.dms.tts.TTSData$TTSDataState[] values()
com.bsi.dms.tts.TTSData$TTSDataState: com.bsi.dms.tts.TTSData$TTSDataState valueOf(java.lang.String)
com.bsi.dms.update.InstallCompleteReceiver
com.bsi.dms.update.InstallCompleteReceiver: InstallCompleteReceiver()
com.bsi.dms.update.UpdateManager$Status: com.bsi.dms.update.UpdateManager$Status[] values()
com.bsi.dms.update.UpdateManager$Status: com.bsi.dms.update.UpdateManager$Status valueOf(java.lang.String)
...
com.iflytek.speech.SynthesizerListener$Stub
com.iflytek.speech.SynthesizerListener$Stub: java.lang.String DESCRIPTOR
com.iflytek.speech.SynthesizerListener$Stub: int TRANSACTION_onSpeakBegin
com.iflytek.speech.SynthesizerListener$Stub: int TRANSACTION_onSpeakPaused
com.iflytek.speech.SynthesizerListener$Stub: int TRANSACTION_onSpeakResumed
com.iflytek.speech.SynthesizerListener$Stub: int TRANSACTION_onCompleted
com.iflytek.speech.SynthesizerListener$Stub: int TRANSACTION_onSpeakProgress
com.iflytek.speech.SynthesizerListener$Stub: int TRANSACTION_onBufferProgress
com.iflytek.speech.SynthesizerListener$Stub: SynthesizerListener$Stub()
com.iflytek.speech.SynthesizerListener$Stub: com.iflytek.speech.SynthesizerListener asInterface(android.os.IBinder)
com.iflytek.speech.SynthesizerListener$Stub: android.os.IBinder asBinder()
com.iflytek.speech.SynthesizerListener$Stub: boolean onTransact(int,android.os.Parcel,android.os.Parcel,int)
com.iflytek.speech.SynthesizerListener$Stub$Proxy
com.iflytek.speech.SynthesizerListener$Stub$Proxy: android.os.IBinder mRemote
com.iflytek.speech.SynthesizerListener$Stub$Proxy: SynthesizerListener$Stub$Proxy(android.os.IBinder)
com.iflytek.speech.SynthesizerListener$Stub$Proxy: android.os.IBinder asBinder()
com.iflytek.speech.SynthesizerListener$Stub$Proxy: java.lang.String getInterfaceDescriptor()
com.iflytek.speech.SynthesizerListener$Stub$Proxy: void onSpeakBegin()
com.iflytek.speech.SynthesizerListener$Stub$Proxy: void onSpeakPaused()
com.iflytek.speech.SynthesizerListener$Stub$Proxy: void onSpeakResumed()
com.iflytek.speech.SynthesizerListener$Stub$Proxy: void onCompleted(int)
com.iflytek.speech.SynthesizerListener$Stub$Proxy: void onSpeakProgress(int)
com.iflytek.speech.SynthesizerListener$Stub$Proxy: void onBufferProgress(int)
com.iflytek.speech.TextUnderstander
com.iflytek.speech.TextUnderstander: java.lang.String SCENE
com.iflytek.speech.TextUnderstander: java.lang.String TEXT
com.iflytek.speech.TextUnderstander: TextUnderstander(android.content.Context,com.iflytek.speech.InitListener)
com.iflytek.speech.TextUnderstander: boolean isUnderstanding()
com.iflytek.speech.TextUnderstander: int cancel(com.iflytek.speech.TextUnderstanderListener)
com.iflytek.speech.TextUnderstander: int understandText(java.lang.String,com.iflytek.speech.TextUnderstanderListener)
com.iflytek.speech.TextUnderstander: int setParameter(java.lang.String,java.lang.String)
com.iflytek.speech.TextUnderstander: java.lang.String getParameter(java.lang.String)
com.iflytek.speech.TextUnderstander: boolean destory()
com.iflytek.speech.TextUnderstander: android.content.Intent getIntent()
com.iflytek.speech.TextUnderstanderListener
com.iflytek.speech.TextUnderstanderListener: void onResult(com.iflytek.speech.UnderstanderResult)
com.iflytek.speech.TextUnderstanderListener: void onError(int)
com.iflytek.speech.TextUnderstanderListener$Stub
com.iflytek.speech.TextUnderstanderListener$Stub: java.lang.String DESCRIPTOR
com.iflytek.speech.TextUnderstanderListener$Stub: int TRANSACTION_onResult
com.iflytek.speech.TextUnderstanderListener$Stub: int TRANSACTION_onError
com.iflytek.speech.TextUnderstanderListener$Stub: TextUnderstanderListener$Stub()
com.iflytek.speech.TextUnderstanderListener$Stub: com.iflytek.speech.TextUnderstanderListener asInterface(android.os.IBinder)
com.iflytek.speech.TextUnderstanderListener$Stub: android.os.IBinder asBinder()
com.iflytek.speech.TextUnderstanderListener$Stub: boolean onTransact(int,android.os.Parcel,android.os.Parcel,int)