proguard/mapping.txt
com.bsi.dms.CheckServiceInstallActivity -> com.bsi.dms.CheckServiceInstallActivity:
    void onCreate(android.os.Bundle) -> onCreate
    void onResume() -> onResume
com.bsi.dms.MainActivity -> com.bsi.dms.MainActivity:
    android.net.wifi.WifiManager wifi -> f
    com.bsi.dms.MainActivity$PlayerLoopTask loopTask -> g
    java.lang.String mac -> h
    android.media.AudioManager audiomanage -> i
    android.webkit.WebView wv -> a
    java.lang.String wvCurUrl -> j
    com.bsi.dms.MainActivity$HtmlHandler playHandler -> b
    com.bsi.dms.MainActivity$PlayerHtmlTask playerHtmlTask -> k
    java.lang.Thread showThread -> l
    java.lang.Thread loopThread -> c
    android.view.SurfaceView surfaceView -> d
    com.bsi.dms.MainActivity$VideoCtr videoCtr -> m
    boolean isSurfaceViewInMain -> n
    com.bsi.dms.MainActivity$AudioCtr audioJS -> o
    com.bsi.dms.MainActivity$TTSWebviewInterface mTTSWebviewInterface -> p
    com.bsi.dms.log.LogWriterAndr logWriter -> e
    java.util.Timer timer -> q
    android.webkit.WebChromeClient chromeClient -> r
    void onCreate(android.os.Bundle) -> onCreate
    void stopLoopTask() -> a
    void onStart() -> onStart
    boolean onCreateOptionsMenu(android.view.Menu) -> onCreateOptionsMenu
    boolean onOptionsItemSelected(android.view.MenuItem) -> onOptionsItemSelected
    void onDestroy() -> onDestroy
    void onStop() -> onStop
    boolean onKeyDown(int,android.view.KeyEvent) -> onKeyDown
    void stop() -> e
    void playDefault() -> f
    void setWebViewCurUrl(java.lang.String) -> a
    void removeSurfaceView() -> b
    void addSurfaceView() -> c
com.bsi.dms.MainActivity$1 -> com.bsi.dms.a:
    void onShowCustomView(android.view.View,android.webkit.WebChromeClient$CustomViewCallback) -> onShowCustomView
com.bsi.dms.MainActivity$2 -> com.bsi.dms.b:
    com.bsi.dms.MainActivity this$0 -> a
    boolean shouldOverrideUrlLoading(android.webkit.WebView,java.lang.String) -> shouldOverrideUrlLoading
    void onReceivedSslError(android.webkit.WebView,android.webkit.SslErrorHandler,android.net.http.SslError) -> onReceivedSslError
    void onPageFinished(android.webkit.WebView,java.lang.String) -> onPageFinished
    void onPageStarted(android.webkit.WebView,java.lang.String,android.graphics.Bitmap) -> onPageStarted
com.bsi.dms.MainActivity$3 -> com.bsi.dms.c:
    boolean onKey(android.view.View,int,android.view.KeyEvent) -> onKey
com.bsi.dms.MainActivity$4 -> com.bsi.dms.d:
    com.bsi.dms.MainActivity this$0 -> a
    void run() -> run
com.bsi.dms.MainActivity$5 -> com.bsi.dms.e:
    com.bsi.dms.MainActivity this$0 -> a
    void onClick(android.content.DialogInterface,int) -> onClick
com.bsi.dms.MainActivity$6 -> com.bsi.dms.f:
    void onClick(android.content.DialogInterface,int) -> onClick
com.bsi.dms.MainActivity$AudioCtr -> com.bsi.dms.MainActivity$AudioCtr:
    com.bsi.dms.video.AudioPlayer audioCur -> a
    com.bsi.dms.MainActivity this$0 -> b
    void playUrl(java.lang.String) -> playUrl
    void playLoopUrl(java.lang.String) -> playLoopUrl
    void stopAudio() -> stopAudio
com.bsi.dms.MainActivity$HtmlHandler -> com.bsi.dms.g:
    int surfaceHeight -> a
    int surfaceWidth -> b
    com.bsi.dms.MainActivity this$0 -> c
    void handleMessage(android.os.Message) -> handleMessage
com.bsi.dms.MainActivity$PlayerHtmlTask -> com.bsi.dms.h:
    android.os.Handler handler -> a
    com.bsi.dms.bean.Programtask target -> b
    com.bsi.dms.MainActivity this$0 -> c
    void run() -> run
com.bsi.dms.MainActivity$PlayerLoopTask -> com.bsi.dms.i:
    android.os.Handler handler -> a
    com.bsi.dms.bean.Playlist playlist -> b
    boolean stop -> c
    void run() -> run
    void setStop(boolean) -> a
...
android.support.v4.view.ViewPager$ViewPositionComparator -> android.support.v4.view.S:
    int compare(java.lang.Object,java.lang.Object) -> compare
android.support.v4.view.accessibility.AccessibilityNodeInfoCompat -> android.support.v4.view.a.a:
    android.support.v4.view.accessibility.AccessibilityNodeInfoCompat$AccessibilityNodeInfoImpl IMPL -> a
    java.lang.Object mInfo -> b
    java.lang.Object getInfo() -> a
    void addAction(int) -> a
    void setScrollable(boolean) -> a
    void setClassName(java.lang.CharSequence) -> a
    int hashCode() -> hashCode
    boolean equals(java.lang.Object) -> equals
android.support.v4.view.accessibility.AccessibilityNodeInfoCompat$AccessibilityNodeInfoIcsImpl -> android.support.v4.view.a.b:
    void addAction(java.lang.Object,int) -> a
    void setClassName(java.lang.Object,java.lang.CharSequence) -> a
    void setScrollable(java.lang.Object,boolean) -> a
android.support.v4.view.accessibility.AccessibilityNodeInfoCompat$AccessibilityNodeInfoImpl -> android.support.v4.view.a.c:
    void addAction(java.lang.Object,int) -> a
    void setScrollable(java.lang.Object,boolean) -> a
    void setClassName(java.lang.Object,java.lang.CharSequence) -> a
android.support.v4.view.accessibility.AccessibilityNodeInfoCompat$AccessibilityNodeInfoJellybeanImpl -> android.support.v4.view.a.d:
android.support.v4.view.accessibility.AccessibilityNodeInfoCompatIcs -> android.support.v4.view.a.e:
    java.lang.Object newAccessibilityNodeProviderBridge(android.support.v4.view.accessibility.AccessibilityNodeProviderCompat) -> a
android.support.v4.view.accessibility.AccessibilityNodeProviderCompat -> android.support.v4.view.a.f:
    android.support.v4.view.accessibility.AccessibilityNodeInfoCompatIcs IMPL$5ccd855f -> a
    java.lang.Object mProvider -> b
    java.lang.Object getProvider() -> a
    android.support.v4.view.accessibility.AccessibilityNodeInfoCompat createAccessibilityNodeInfo$f3a5639() -> b
    boolean performAction$5985f823() -> c
    java.util.List findAccessibilityNodeInfosByText$2393931d() -> d
android.support.v4.view.accessibility.AccessibilityNodeProviderCompat$AccessibilityNodeProviderJellyBeanImpl -> android.support.v4.view.a.g:
    java.lang.Object newAccessibilityNodeProviderBridge(android.support.v4.view.accessibility.AccessibilityNodeProviderCompat) -> a
android.support.v4.view.accessibility.AccessibilityNodeProviderCompatJellyBean$1 -> android.support.v4.view.a.h:
    android.support.v4.view.accessibility.AccessibilityNodeProviderCompatJellyBean$AccessibilityNodeInfoBridge val$bridge -> a
    android.view.accessibility.AccessibilityNodeInfo createAccessibilityNodeInfo(int) -> createAccessibilityNodeInfo
    java.util.List findAccessibilityNodeInfosByText(java.lang.String,int) -> findAccessibilityNodeInfosByText
    boolean performAction(int,int,android.os.Bundle) -> performAction
android.support.v4.view.accessibility.AccessibilityNodeProviderCompatJellyBean$AccessibilityNodeInfoBridge -> android.support.v4.view.a.i:
    android.support.v4.view.accessibility.AccessibilityNodeProviderCompat val$compat -> a
    java.lang.Object createAccessibilityNodeInfo(int) -> a
    boolean performAction(int,int,android.os.Bundle) -> a
    java.util.List findAccessibilityNodeInfosByText(java.lang.String,int) -> a
android.support.v4.widget.EdgeEffectCompat -> android.support.v4.d.a:
    java.lang.Object mEdgeEffect -> a
    android.support.v4.widget.EdgeEffectCompat$EdgeEffectImpl IMPL -> b
    void setSize(int,int) -> a
    boolean isFinished() -> a
    void finish() -> b
    boolean onPull(float) -> a
    boolean draw(android.graphics.Canvas) -> a